  [1m[35m (0.2ms)[0m  [1m[35mSET NAMES utf8,  @@SESSION.sql_mode = CONCAT(CONCAT(@@sql_mode, ',STRICT_ALL_TABLES'), ',NO_AUTO_VALUE_ON_ZERO'),  @@SESSION.sql_auto_is_null = 0, @@SESSION.wait_timeout = 2147483[0m
  [1m[35m (16.1ms)[0m  [1m[35mCREATE TABLE `schema_migrations` (`version` varchar(255) NOT NULL PRIMARY KEY) ENGINE=InnoDB[0m
  [1m[35m (3.2ms)[0m  [1m[35mCREATE TABLE `ar_internal_metadata` (`key` varchar(255) NOT NULL PRIMARY KEY, `value` varchar(255), `created_at` datetime NOT NULL, `updated_at` datetime NOT NULL) ENGINE=InnoDB[0m
  [1m[35m (0.7ms)[0m  [1m[34mSELECT GET_LOCK(6518081004143099895, 0)[0m
  [1m[35m (0.2ms)[0m  [1m[34mSELECT `schema_migrations`.`version` FROM `schema_migrations` ORDER BY `schema_migrations`.`version` ASC[0m
Migrating to CreateArticles (20180214183229)
  [1m[35m (4.9ms)[0m  [1m[35mCREATE TABLE `articles` (`id` bigint NOT NULL AUTO_INCREMENT PRIMARY KEY, `name` varchar(255), `author` varchar(255), `content` text, `published_at` datetime, `created_at` datetime NOT NULL, `updated_at` datetime NOT NULL) ENGINE=InnoDB[0m
  [1m[35m (0.1ms)[0m  [1m[35mBEGIN[0m
  [1m[35mSQL (1.3ms)[0m  [1m[32mINSERT INTO `schema_migrations` (`version`) VALUES ('20180214183229')[0m
  [1m[35m (0.8ms)[0m  [1m[35mCOMMIT[0m
  [1m[36mActiveRecord::InternalMetadata Load (0.2ms)[0m  [1m[34mSELECT  `ar_internal_metadata`.* FROM `ar_internal_metadata` WHERE `ar_internal_metadata`.`key` = 'environment' LIMIT 1[0m
  [1m[35m (0.2ms)[0m  [1m[35mBEGIN[0m
  [1m[35mSQL (0.2ms)[0m  [1m[32mINSERT INTO `ar_internal_metadata` (`key`, `value`, `created_at`, `updated_at`) VALUES ('environment', 'development', '2018-02-14 18:34:55', '2018-02-14 18:34:55')[0m
  [1m[35m (1.0ms)[0m  [1m[35mCOMMIT[0m
  [1m[35m (0.2ms)[0m  [1m[34mSELECT RELEASE_LOCK(6518081004143099895)[0m
  [1m[35m (0.2ms)[0m  [1m[34mSELECT `schema_migrations`.`version` FROM `schema_migrations` ORDER BY `schema_migrations`.`version` ASC[0m
  [1m[35m (0.3ms)[0m  [1m[35mSET NAMES utf8,  @@SESSION.sql_mode = CONCAT(CONCAT(@@sql_mode, ',STRICT_ALL_TABLES'), ',NO_AUTO_VALUE_ON_ZERO'),  @@SESSION.sql_auto_is_null = 0, @@SESSION.wait_timeout = 2147483[0m
  [1m[35m (0.2ms)[0m  [1m[34mSELECT `schema_migrations`.`version` FROM `schema_migrations` ORDER BY `schema_migrations`.`version` ASC[0m
  [1m[35m (0.2ms)[0m  [1m[35mBEGIN[0m
  [1m[35mSQL (0.3ms)[0m  [1m[32mINSERT INTO `articles` (`name`, `author`, `content`, `published_at`, `created_at`, `updated_at`) VALUES ('Superman', 'Clark Kent', 'Superman is a fictional comic book superhero appearing in publications by DC Comics, widely considered to be an American cultural icon. Created by American writer Jerry Siegel and Canadian-born American artist Joe Shuster in 1932 while both were living in Cleveland, Ohio, and sold to Detective Comics, Inc. (later DC Comics) in 1938, the character first appeared in Action Comics #1 (June 1938) and subsequently appeared in various radio serials, television programs, films, newspaper strips, and video games. (from Wikipedia)', '2018-02-07 18:35:52', '2018-02-14 18:35:52', '2018-02-14 18:35:52')[0m
  [1m[35m (5.8ms)[0m  [1m[35mCOMMIT[0m
  [1m[35m (0.1ms)[0m  [1m[35mBEGIN[0m
  [1m[35mSQL (0.3ms)[0m  [1m[32mINSERT INTO `articles` (`name`, `author`, `content`, `published_at`, `created_at`, `updated_at`) VALUES ('Krypton', 'Clark Kent', 'Krypton is a fictional planet in the DC Comics universe, and the native world of the super-heroes Superman and, in some tellings, Supergirl and Krypto the Superdog. Krypton has been portrayed consistently as having been destroyed just after Superman\'s flight from the planet, with exact details of its destruction varying by time period, writers and franchise. Kryptonians were the dominant people of Krypton. (from Wikipedia)', '2018-01-17 18:35:52', '2018-02-14 18:35:52', '2018-02-14 18:35:52')[0m
  [1m[35m (10.4ms)[0m  [1m[35mCOMMIT[0m
  [1m[35m (0.2ms)[0m  [1m[35mBEGIN[0m
  [1m[35mSQL (0.2ms)[0m  [1m[32mINSERT INTO `articles` (`name`, `author`, `content`, `published_at`, `created_at`, `updated_at`) VALUES ('Batman & Robin', 'Bruce Wayne', 'Batman is a fictional character created by the artist Bob Kane and writer Bill Finger. A comic book superhero, Batman first appeared in Detective Comics #27 (May 1939), and since then has appeared primarily in publications by DC Comics. Originally referred to as The Bat-Man and still referred to at times as The Batman, he is additionally known as The Caped Crusader, The Dark Knight, and the World\'s Greatest Detective, among other titles. (from Wikipedia)', '2018-01-31 18:35:52', '2018-02-14 18:35:52', '2018-02-14 18:35:52')[0m
  [1m[35m (0.3ms)[0m  [1m[35mCOMMIT[0m
  [1m[35m (0.1ms)[0m  [1m[35mBEGIN[0m
  [1m[35mSQL (0.2ms)[0m  [1m[32mINSERT INTO `articles` (`name`, `author`, `content`, `published_at`, `created_at`, `updated_at`) VALUES ('Wonder Woman', 'Diana of Themyscira', 'Wonder Woman is a DC Comics superheroine created by William Moulton Marston. She first appeared in All Star Comics #8 (December 1941). The Wonder Woman title has been published by DC Comics almost continuously except for a brief hiatus in 1986. (from Wikipedia)', '2018-01-03 18:35:52', '2018-02-14 18:35:52', '2018-02-14 18:35:52')[0m
  [1m[35m (0.8ms)[0m  [1m[35mCOMMIT[0m
  [1m[35m (0.1ms)[0m  [1m[35mBEGIN[0m
  [1m[35mSQL (0.2ms)[0m  [1m[32mINSERT INTO `articles` (`name`, `author`, `content`, `published_at`, `created_at`, `updated_at`) VALUES ('Flash', 'Bart Allen', 'The Flash is a name shared by several fictional comic book superheroes from the DC Comics universe. Created by writer Gardner Fox and artist Harry Lampert, the original Flash first appeared in Flash Comics #1 (January 1940). (from Wikipedia)', '2018-01-10 18:35:52', '2018-02-14 18:35:52', '2018-02-14 18:35:52')[0m
  [1m[35m (0.3ms)[0m  [1m[35mCOMMIT[0m
  [1m[35m (0.1ms)[0m  [1m[35mBEGIN[0m
  [1m[35mSQL (0.1ms)[0m  [1m[32mINSERT INTO `articles` (`name`, `author`, `content`, `published_at`, `created_at`, `updated_at`) VALUES ('Splinter', 'Hamato Yoshi', 'Master Splinter, or simply Splinter, is a fictional character from the Teenage Mutant Ninja Turtles comics and all related media. (from Wikipedia)', '2018-01-24 18:35:52', '2018-02-14 18:35:52', '2018-02-14 18:35:52')[0m
  [1m[35m (0.4ms)[0m  [1m[35mCOMMIT[0m
  [1m[35m (0.3ms)[0m  [1m[35mSET NAMES utf8,  @@SESSION.sql_mode = CONCAT(CONCAT(@@sql_mode, ',STRICT_ALL_TABLES'), ',NO_AUTO_VALUE_ON_ZERO'),  @@SESSION.sql_auto_is_null = 0, @@SESSION.wait_timeout = 2147483[0m
  [1m[35m (0.2ms)[0m  [1m[34mSELECT GET_LOCK(6518081004143099895, 0)[0m
  [1m[35m (0.2ms)[0m  [1m[34mSELECT `schema_migrations`.`version` FROM `schema_migrations` ORDER BY `schema_migrations`.`version` ASC[0m
Migrating to CreateUsers (20180214184050)
  [1m[35m (9.8ms)[0m  [1m[35mCREATE TABLE `users` (`id` bigint NOT NULL AUTO_INCREMENT PRIMARY KEY, `email` varchar(255), `password_digest` varchar(255), `created_at` datetime NOT NULL, `updated_at` datetime NOT NULL) ENGINE=InnoDB[0m
  [1m[35m (0.1ms)[0m  [1m[35mBEGIN[0m
  [1m[35mSQL (0.2ms)[0m  [1m[32mINSERT INTO `schema_migrations` (`version`) VALUES ('20180214184050')[0m
  [1m[35m (1.3ms)[0m  [1m[35mCOMMIT[0m
  [1m[36mActiveRecord::InternalMetadata Load (0.2ms)[0m  [1m[34mSELECT  `ar_internal_metadata`.* FROM `ar_internal_metadata` WHERE `ar_internal_metadata`.`key` = 'environment' LIMIT 1[0m
  [1m[35m (0.2ms)[0m  [1m[35mBEGIN[0m
  [1m[35m (0.2ms)[0m  [1m[35mCOMMIT[0m
  [1m[35m (0.7ms)[0m  [1m[34mSELECT RELEASE_LOCK(6518081004143099895)[0m
  [1m[35m (0.4ms)[0m  [1m[34mSELECT `schema_migrations`.`version` FROM `schema_migrations` ORDER BY `schema_migrations`.`version` ASC[0m
Started GET "/" for 127.0.0.1 at 2018-02-14 10:48:34 -0800
  [1m[35m (0.4ms)[0m  [1m[35mSET NAMES utf8,  @@SESSION.sql_mode = CONCAT(CONCAT(@@sql_mode, ',STRICT_ALL_TABLES'), ',NO_AUTO_VALUE_ON_ZERO'),  @@SESSION.sql_auto_is_null = 0, @@SESSION.wait_timeout = 2147483[0m
  [1m[35m (0.2ms)[0m  [1m[34mSELECT `schema_migrations`.`version` FROM `schema_migrations` ORDER BY `schema_migrations`.`version` ASC[0m
Processing by ArticlesController#index as HTML
  Rendering articles/index.html.erb within layouts/application
  [1m[36mArticle Load (0.4ms)[0m  [1m[34mSELECT `articles`.* FROM `articles`[0m
  Rendered collection of articles/_article.html.erb [6 times] (1.5ms)
  Rendered articles/index.html.erb within layouts/application (9.6ms)
Completed 200 OK in 531ms (Views: 522.8ms | ActiveRecord: 1.2ms)


Started GET "/sessions/new" for 127.0.0.1 at 2018-02-14 10:48:39 -0800
Processing by SessionsController#new as HTML
  Rendering sessions/new.html.erb within layouts/application
  Rendered sessions/new.html.erb within layouts/application (18.8ms)
Completed 200 OK in 32ms (Views: 31.1ms | ActiveRecord: 0.0ms)


Started GET "/users/new" for 127.0.0.1 at 2018-02-14 10:49:28 -0800
Processing by UsersController#new as HTML
  Rendering users/new.html.erb within layouts/application
  Rendered users/new.html.erb within layouts/application (15.9ms)
Completed 200 OK in 38ms (Views: 31.1ms | ActiveRecord: 1.0ms)


Started GET "/sessions/new" for 127.0.0.1 at 2018-02-14 10:51:21 -0800
Processing by SessionsController#new as HTML
  Rendering sessions/new.html.erb within layouts/application
  Rendered sessions/new.html.erb within layouts/application (1.1ms)
Completed 200 OK in 38ms (Views: 37.5ms | ActiveRecord: 0.0ms)


Started GET "/users/new" for 127.0.0.1 at 2018-02-14 10:51:23 -0800
Processing by UsersController#new as HTML
  Rendering users/new.html.erb within layouts/application
  Rendered users/new.html.erb within layouts/application (2.0ms)
Completed 200 OK in 21ms (Views: 20.0ms | ActiveRecord: 0.0ms)


Started POST "/users" for 127.0.0.1 at 2018-02-14 10:51:39 -0800
Processing by UsersController#create as HTML
  Parameters: {"utf8"=>"✓", "authenticity_token"=>"yyQtFfTZqFDyCi9TVGj/0M5an+1kzmpvlBM5YExkWNMTSu6ik3j+5C7WYsBd2a0sV17YstLSbTL2A3SOdsn7zA==", "user"=>{"email"=>"nasiraod@makkiya.ca", "password"=>"[FILTERED]", "password_confirmation"=>"[FILTERED]"}, "commit"=>"Sign Up"}
Unpermitted parameters: :password, :password_confirmation
  [1m[35m (0.5ms)[0m  [1m[35mBEGIN[0m
  [1m[35mSQL (0.3ms)[0m  [1m[32mINSERT INTO `users` (`email`, `created_at`, `updated_at`) VALUES ('nasiraod@makkiya.ca', '2018-02-14 18:51:39', '2018-02-14 18:51:39')[0m
  [1m[35m (7.3ms)[0m  [1m[35mCOMMIT[0m
Redirected to http://localhost:3000/
Completed 302 Found in 11ms (ActiveRecord: 8.1ms)


Started GET "/" for 127.0.0.1 at 2018-02-14 10:51:39 -0800
Processing by ArticlesController#index as HTML
  Rendering articles/index.html.erb within layouts/application
  [1m[36mArticle Load (0.4ms)[0m  [1m[34mSELECT `articles`.* FROM `articles`[0m
  Rendered collection of articles/_article.html.erb [6 times] (2.9ms)
  Rendered articles/index.html.erb within layouts/application (9.9ms)
Completed 200 OK in 40ms (Views: 38.1ms | ActiveRecord: 0.4ms)


Started GET "/sessions/new" for 127.0.0.1 at 2018-02-14 10:51:56 -0800
Processing by SessionsController#new as HTML
  Rendering sessions/new.html.erb within layouts/application
  Rendered sessions/new.html.erb within layouts/application (1.7ms)
Completed 200 OK in 34ms (Views: 33.5ms | ActiveRecord: 0.0ms)


Started POST "/sessions" for 127.0.0.1 at 2018-02-14 10:52:08 -0800
Processing by SessionsController#create as HTML
  Parameters: {"utf8"=>"✓", "authenticity_token"=>"snHufZYewUss52pvkUpedTJxH61avh0wAeEhJLTZrtnKZCwevB5HJ1LZUBq3Ug5r/GFV4qnYk0WRmVryY0/UCg==", "email"=>"nasiraod@makkiya.ca", "password"=>"[FILTERED]", "commit"=>"Log In"}
  [1m[36mUser Load (0.3ms)[0m  [1m[34mSELECT  `users`.* FROM `users` WHERE `users`.`email` = 'nasiraod@makkiya.ca' LIMIT 1[0m
Completed 500 Internal Server Error in 7ms (ActiveRecord: 0.3ms)


  
NoMethodError (undefined method `authenticate' for #<User:0x00007ff71c03b1f8>):
  
app/controllers/sessions_controller.rb:6:in `create'
Started POST "/sessions" for 127.0.0.1 at 2018-02-14 10:54:18 -0800
  [1m[35m (0.5ms)[0m  [1m[35mSET NAMES utf8,  @@SESSION.sql_mode = CONCAT(CONCAT(@@sql_mode, ',STRICT_ALL_TABLES'), ',NO_AUTO_VALUE_ON_ZERO'),  @@SESSION.sql_auto_is_null = 0, @@SESSION.wait_timeout = 2147483[0m
  [1m[35m (0.2ms)[0m  [1m[34mSELECT `schema_migrations`.`version` FROM `schema_migrations` ORDER BY `schema_migrations`.`version` ASC[0m
Processing by SessionsController#create as HTML
  Parameters: {"utf8"=>"✓", "authenticity_token"=>"4cYNuuW3RwQJXVS+sHeyUKHJx/gGyhxoyv1tWviKn6+i/wrFNgBlRjtys9mCu2F76f0bkzbCfUf8MZT+dfNrEA==", "email"=>"nasiraod@makkiya.ca", "password"=>"[FILTERED]", "commit"=>"Log In"}
  [1m[36mUser Load (0.4ms)[0m  [1m[34mSELECT  `users`.* FROM `users` WHERE `users`.`email` = 'nasiraod@makkiya.ca' LIMIT 1[0m
Completed 500 Internal Server Error in 13ms (ActiveRecord: 1.5ms)


  
BCrypt::Errors::InvalidHash (invalid hash):
  
app/controllers/sessions_controller.rb:6:in `create'
Started GET "/users/new" for 127.0.0.1 at 2018-02-14 10:55:34 -0800
  [1m[35m (0.3ms)[0m  [1m[35mSET NAMES utf8,  @@SESSION.sql_mode = CONCAT(CONCAT(@@sql_mode, ',STRICT_ALL_TABLES'), ',NO_AUTO_VALUE_ON_ZERO'),  @@SESSION.sql_auto_is_null = 0, @@SESSION.wait_timeout = 2147483[0m
  [1m[35m (0.3ms)[0m  [1m[34mSELECT `schema_migrations`.`version` FROM `schema_migrations` ORDER BY `schema_migrations`.`version` ASC[0m
Processing by UsersController#new as HTML
  Rendering users/new.html.erb within layouts/application
  Rendered users/new.html.erb within layouts/application (7.5ms)
Completed 200 OK in 159ms (Views: 143.3ms | ActiveRecord: 1.3ms)


Started POST "/users" for 127.0.0.1 at 2018-02-14 10:55:49 -0800
Processing by UsersController#create as HTML
  Parameters: {"utf8"=>"✓", "authenticity_token"=>"DzAzLSst6MsUHPIeYdZIXiTWdAXGtaRnaKOQNm0H383XXvCaTIy+f8jAv41oZxqivdIzWnCpozoKs93YV6p80g==", "user"=>{"email"=>"nmakkiya@sfu.ca", "password"=>"[FILTERED]", "password_confirmation"=>"[FILTERED]"}, "commit"=>"Sign Up"}
Unpermitted parameters: :password, :password_confirmation
  [1m[35m (0.3ms)[0m  [1m[35mSET NAMES utf8,  @@SESSION.sql_mode = CONCAT(CONCAT(@@sql_mode, ',STRICT_ALL_TABLES'), ',NO_AUTO_VALUE_ON_ZERO'),  @@SESSION.sql_auto_is_null = 0, @@SESSION.wait_timeout = 2147483[0m
  [1m[35m (0.2ms)[0m  [1m[35mBEGIN[0m
  [1m[35m (0.3ms)[0m  [1m[31mROLLBACK[0m
  Rendering users/new.html.erb within layouts/application
  Rendered users/new.html.erb within layouts/application (1.4ms)
Completed 200 OK in 15ms (Views: 11.2ms | ActiveRecord: 0.7ms)


Started POST "/users" for 127.0.0.1 at 2018-02-14 10:56:49 -0800
Processing by UsersController#create as HTML
  Parameters: {"utf8"=>"✓", "authenticity_token"=>"wVfDXwNDNvN62CoKcjke8dXLIrgZkVE9v6bO+Oh9BnWCbsQg0PQUsUj3zW1A9c3anf/+0ymZMBKJajdcZQTyyg==", "user"=>{"email"=>"nmakkiya@sfu.ca", "password"=>"[FILTERED]", "password_confirmation"=>"[FILTERED]"}, "commit"=>"Sign Up"}
  [1m[35m (0.2ms)[0m  [1m[35mBEGIN[0m
  [1m[35mSQL (0.3ms)[0m  [1m[32mINSERT INTO `users` (`email`, `password_digest`, `created_at`, `updated_at`) VALUES ('nmakkiya@sfu.ca', '$2a$10$G8Wh/WHHsVjYfgdoZTo8FuPFmoyRtJJS9WBm65MqARZ0kbf46gySi', '2018-02-14 18:56:59', '2018-02-14 18:56:59')[0m
  [1m[35m (6.1ms)[0m  [1m[35mCOMMIT[0m
Redirected to http://localhost:3000/
Completed 302 Found in 63ms (ActiveRecord: 6.6ms)


Started GET "/" for 127.0.0.1 at 2018-02-14 10:56:59 -0800
Processing by ArticlesController#index as HTML
  Rendering articles/index.html.erb within layouts/application
  [1m[36mArticle Load (0.7ms)[0m  [1m[34mSELECT `articles`.* FROM `articles`[0m
  Rendered collection of articles/_article.html.erb [6 times] (1.7ms)
  Rendered articles/index.html.erb within layouts/application (24.4ms)
Completed 200 OK in 39ms (Views: 35.1ms | ActiveRecord: 2.2ms)


Started GET "/sessions/new" for 127.0.0.1 at 2018-02-14 10:57:03 -0800
Processing by SessionsController#new as HTML
  Rendering sessions/new.html.erb within layouts/application
  Rendered sessions/new.html.erb within layouts/application (0.9ms)
Completed 200 OK in 36ms (Views: 34.9ms | ActiveRecord: 0.0ms)


Started POST "/sessions" for 127.0.0.1 at 2018-02-14 10:57:14 -0800
Processing by SessionsController#create as HTML
  Parameters: {"utf8"=>"✓", "authenticity_token"=>"nmqW46mJ8rwWE4NPxntb5uvE2z/ibcnQv1yw4BvTtavmf1SAg4l00GgtuTrgYwv4JdSRcBELR6UvJMs2zEXPeA==", "email"=>"nmakkiya@sfu.ca", "password"=>"[FILTERED]", "commit"=>"Log In"}
  [1m[36mUser Load (0.4ms)[0m  [1m[34mSELECT  `users`.* FROM `users` WHERE `users`.`email` = 'nmakkiya@sfu.ca' LIMIT 1[0m
Redirected to http://localhost:3000/
Completed 302 Found in 51ms (ActiveRecord: 0.4ms)


Started GET "/" for 127.0.0.1 at 2018-02-14 10:57:14 -0800
Processing by ArticlesController#index as HTML
  Rendering articles/index.html.erb within layouts/application
  [1m[36mArticle Load (0.3ms)[0m  [1m[34mSELECT `articles`.* FROM `articles`[0m
  Rendered collection of articles/_article.html.erb [6 times] (1.3ms)
  Rendered articles/index.html.erb within layouts/application (3.9ms)
Completed 200 OK in 24ms (Views: 22.7ms | ActiveRecord: 0.3ms)


Started GET "/" for 127.0.0.1 at 2018-02-25 18:47:15 -0800
  
Mysql2::Error (Can't connect to local MySQL server through socket '/tmp/mysql.sock' (2)):
  
mysql2 (0.4.10) lib/mysql2/client.rb:89:in `connect'
mysql2 (0.4.10) lib/mysql2/client.rb:89:in `initialize'
activerecord (5.1.4) lib/active_record/connection_adapters/mysql2_adapter.rb:21:in `new'
activerecord (5.1.4) lib/active_record/connection_adapters/mysql2_adapter.rb:21:in `mysql2_connection'
activerecord (5.1.4) lib/active_record/connection_adapters/abstract/connection_pool.rb:759:in `new_connection'
activerecord (5.1.4) lib/active_record/connection_adapters/abstract/connection_pool.rb:803:in `checkout_new_connection'
activerecord (5.1.4) lib/active_record/connection_adapters/abstract/connection_pool.rb:782:in `try_to_checkout_new_connection'
activerecord (5.1.4) lib/active_record/connection_adapters/abstract/connection_pool.rb:743:in `acquire_connection'
activerecord (5.1.4) lib/active_record/connection_adapters/abstract/connection_pool.rb:500:in `checkout'
activerecord (5.1.4) lib/active_record/connection_adapters/abstract/connection_pool.rb:374:in `connection'
activerecord (5.1.4) lib/active_record/connection_adapters/abstract/connection_pool.rb:931:in `retrieve_connection'
activerecord (5.1.4) lib/active_record/connection_handling.rb:116:in `retrieve_connection'
activerecord (5.1.4) lib/active_record/connection_handling.rb:88:in `connection'
activerecord (5.1.4) lib/active_record/migration.rb:562:in `connection'
activerecord (5.1.4) lib/active_record/migration.rb:553:in `call'
actionpack (5.1.4) lib/action_dispatch/middleware/callbacks.rb:26:in `block in call'
activesupport (5.1.4) lib/active_support/callbacks.rb:97:in `run_callbacks'
actionpack (5.1.4) lib/action_dispatch/middleware/callbacks.rb:24:in `call'
actionpack (5.1.4) lib/action_dispatch/middleware/executor.rb:12:in `call'
actionpack (5.1.4) lib/action_dispatch/middleware/debug_exceptions.rb:59:in `call'
web-console (3.5.1) lib/web_console/middleware.rb:135:in `call_app'
web-console (3.5.1) lib/web_console/middleware.rb:28:in `block in call'
web-console (3.5.1) lib/web_console/middleware.rb:18:in `catch'
web-console (3.5.1) lib/web_console/middleware.rb:18:in `call'
actionpack (5.1.4) lib/action_dispatch/middleware/show_exceptions.rb:31:in `call'
railties (5.1.4) lib/rails/rack/logger.rb:36:in `call_app'
railties (5.1.4) lib/rails/rack/logger.rb:24:in `block in call'
activesupport (5.1.4) lib/active_support/tagged_logging.rb:69:in `block in tagged'
activesupport (5.1.4) lib/active_support/tagged_logging.rb:26:in `tagged'
activesupport (5.1.4) lib/active_support/tagged_logging.rb:69:in `tagged'
railties (5.1.4) lib/rails/rack/logger.rb:24:in `call'
sprockets-rails (3.2.1) lib/sprockets/rails/quiet_assets.rb:13:in `call'
actionpack (5.1.4) lib/action_dispatch/middleware/remote_ip.rb:79:in `call'
actionpack (5.1.4) lib/action_dispatch/middleware/request_id.rb:25:in `call'
rack (2.0.4) lib/rack/method_override.rb:22:in `call'
rack (2.0.4) lib/rack/runtime.rb:22:in `call'
activesupport (5.1.4) lib/active_support/cache/strategy/local_cache_middleware.rb:27:in `call'
actionpack (5.1.4) lib/action_dispatch/middleware/executor.rb:12:in `call'
actionpack (5.1.4) lib/action_dispatch/middleware/static.rb:125:in `call'
rack (2.0.4) lib/rack/sendfile.rb:111:in `call'
railties (5.1.4) lib/rails/engine.rb:522:in `call'
puma (3.11.2) lib/puma/configuration.rb:225:in `call'
puma (3.11.2) lib/puma/server.rb:624:in `handle_request'
puma (3.11.2) lib/puma/server.rb:438:in `process_client'
puma (3.11.2) lib/puma/server.rb:302:in `block in run'
puma (3.11.2) lib/puma/thread_pool.rb:120:in `block in spawn_thread'
Started GET "/" for 127.0.0.1 at 2018-02-25 18:55:07 -0800
  
Mysql2::Error (Can't connect to local MySQL server through socket '/tmp/mysql.sock' (2)):
  
mysql2 (0.4.10) lib/mysql2/client.rb:89:in `connect'
mysql2 (0.4.10) lib/mysql2/client.rb:89:in `initialize'
activerecord (5.1.4) lib/active_record/connection_adapters/mysql2_adapter.rb:21:in `new'
activerecord (5.1.4) lib/active_record/connection_adapters/mysql2_adapter.rb:21:in `mysql2_connection'
activerecord (5.1.4) lib/active_record/connection_adapters/abstract/connection_pool.rb:759:in `new_connection'
activerecord (5.1.4) lib/active_record/connection_adapters/abstract/connection_pool.rb:803:in `checkout_new_connection'
activerecord (5.1.4) lib/active_record/connection_adapters/abstract/connection_pool.rb:782:in `try_to_checkout_new_connection'
activerecord (5.1.4) lib/active_record/connection_adapters/abstract/connection_pool.rb:743:in `acquire_connection'
activerecord (5.1.4) lib/active_record/connection_adapters/abstract/connection_pool.rb:500:in `checkout'
activerecord (5.1.4) lib/active_record/connection_adapters/abstract/connection_pool.rb:374:in `connection'
activerecord (5.1.4) lib/active_record/connection_adapters/abstract/connection_pool.rb:931:in `retrieve_connection'
activerecord (5.1.4) lib/active_record/connection_handling.rb:116:in `retrieve_connection'
activerecord (5.1.4) lib/active_record/connection_handling.rb:88:in `connection'
activerecord (5.1.4) lib/active_record/migration.rb:562:in `connection'
activerecord (5.1.4) lib/active_record/migration.rb:553:in `call'
actionpack (5.1.4) lib/action_dispatch/middleware/callbacks.rb:26:in `block in call'
activesupport (5.1.4) lib/active_support/callbacks.rb:97:in `run_callbacks'
actionpack (5.1.4) lib/action_dispatch/middleware/callbacks.rb:24:in `call'
actionpack (5.1.4) lib/action_dispatch/middleware/executor.rb:12:in `call'
actionpack (5.1.4) lib/action_dispatch/middleware/debug_exceptions.rb:59:in `call'
web-console (3.5.1) lib/web_console/middleware.rb:135:in `call_app'
web-console (3.5.1) lib/web_console/middleware.rb:28:in `block in call'
web-console (3.5.1) lib/web_console/middleware.rb:18:in `catch'
web-console (3.5.1) lib/web_console/middleware.rb:18:in `call'
actionpack (5.1.4) lib/action_dispatch/middleware/show_exceptions.rb:31:in `call'
railties (5.1.4) lib/rails/rack/logger.rb:36:in `call_app'
railties (5.1.4) lib/rails/rack/logger.rb:24:in `block in call'
activesupport (5.1.4) lib/active_support/tagged_logging.rb:69:in `block in tagged'
activesupport (5.1.4) lib/active_support/tagged_logging.rb:26:in `tagged'
activesupport (5.1.4) lib/active_support/tagged_logging.rb:69:in `tagged'
railties (5.1.4) lib/rails/rack/logger.rb:24:in `call'
sprockets-rails (3.2.1) lib/sprockets/rails/quiet_assets.rb:13:in `call'
actionpack (5.1.4) lib/action_dispatch/middleware/remote_ip.rb:79:in `call'
actionpack (5.1.4) lib/action_dispatch/middleware/request_id.rb:25:in `call'
rack (2.0.4) lib/rack/method_override.rb:22:in `call'
rack (2.0.4) lib/rack/runtime.rb:22:in `call'
activesupport (5.1.4) lib/active_support/cache/strategy/local_cache_middleware.rb:27:in `call'
actionpack (5.1.4) lib/action_dispatch/middleware/executor.rb:12:in `call'
actionpack (5.1.4) lib/action_dispatch/middleware/static.rb:125:in `call'
rack (2.0.4) lib/rack/sendfile.rb:111:in `call'
railties (5.1.4) lib/rails/engine.rb:522:in `call'
puma (3.11.2) lib/puma/configuration.rb:225:in `call'
puma (3.11.2) lib/puma/server.rb:624:in `handle_request'
puma (3.11.2) lib/puma/server.rb:438:in `process_client'
puma (3.11.2) lib/puma/server.rb:302:in `block in run'
puma (3.11.2) lib/puma/thread_pool.rb:120:in `block in spawn_thread'
Started GET "/" for 127.0.0.1 at 2018-02-26 21:11:59 -0800
  
Mysql2::Error (Can't connect to local MySQL server through socket '/tmp/mysql.sock' (2)):
  
mysql2 (0.4.10) lib/mysql2/client.rb:89:in `connect'
mysql2 (0.4.10) lib/mysql2/client.rb:89:in `initialize'
activerecord (5.1.4) lib/active_record/connection_adapters/mysql2_adapter.rb:21:in `new'
activerecord (5.1.4) lib/active_record/connection_adapters/mysql2_adapter.rb:21:in `mysql2_connection'
activerecord (5.1.4) lib/active_record/connection_adapters/abstract/connection_pool.rb:759:in `new_connection'
activerecord (5.1.4) lib/active_record/connection_adapters/abstract/connection_pool.rb:803:in `checkout_new_connection'
activerecord (5.1.4) lib/active_record/connection_adapters/abstract/connection_pool.rb:782:in `try_to_checkout_new_connection'
activerecord (5.1.4) lib/active_record/connection_adapters/abstract/connection_pool.rb:743:in `acquire_connection'
activerecord (5.1.4) lib/active_record/connection_adapters/abstract/connection_pool.rb:500:in `checkout'
activerecord (5.1.4) lib/active_record/connection_adapters/abstract/connection_pool.rb:374:in `connection'
activerecord (5.1.4) lib/active_record/connection_adapters/abstract/connection_pool.rb:931:in `retrieve_connection'
activerecord (5.1.4) lib/active_record/connection_handling.rb:116:in `retrieve_connection'
activerecord (5.1.4) lib/active_record/connection_handling.rb:88:in `connection'
activerecord (5.1.4) lib/active_record/migration.rb:562:in `connection'
activerecord (5.1.4) lib/active_record/migration.rb:553:in `call'
actionpack (5.1.4) lib/action_dispatch/middleware/callbacks.rb:26:in `block in call'
activesupport (5.1.4) lib/active_support/callbacks.rb:97:in `run_callbacks'
actionpack (5.1.4) lib/action_dispatch/middleware/callbacks.rb:24:in `call'
actionpack (5.1.4) lib/action_dispatch/middleware/executor.rb:12:in `call'
actionpack (5.1.4) lib/action_dispatch/middleware/debug_exceptions.rb:59:in `call'
web-console (3.5.1) lib/web_console/middleware.rb:135:in `call_app'
web-console (3.5.1) lib/web_console/middleware.rb:28:in `block in call'
web-console (3.5.1) lib/web_console/middleware.rb:18:in `catch'
web-console (3.5.1) lib/web_console/middleware.rb:18:in `call'
actionpack (5.1.4) lib/action_dispatch/middleware/show_exceptions.rb:31:in `call'
railties (5.1.4) lib/rails/rack/logger.rb:36:in `call_app'
railties (5.1.4) lib/rails/rack/logger.rb:24:in `block in call'
activesupport (5.1.4) lib/active_support/tagged_logging.rb:69:in `block in tagged'
activesupport (5.1.4) lib/active_support/tagged_logging.rb:26:in `tagged'
activesupport (5.1.4) lib/active_support/tagged_logging.rb:69:in `tagged'
railties (5.1.4) lib/rails/rack/logger.rb:24:in `call'
sprockets-rails (3.2.1) lib/sprockets/rails/quiet_assets.rb:13:in `call'
actionpack (5.1.4) lib/action_dispatch/middleware/remote_ip.rb:79:in `call'
actionpack (5.1.4) lib/action_dispatch/middleware/request_id.rb:25:in `call'
rack (2.0.4) lib/rack/method_override.rb:22:in `call'
rack (2.0.4) lib/rack/runtime.rb:22:in `call'
activesupport (5.1.4) lib/active_support/cache/strategy/local_cache_middleware.rb:27:in `call'
actionpack (5.1.4) lib/action_dispatch/middleware/executor.rb:12:in `call'
actionpack (5.1.4) lib/action_dispatch/middleware/static.rb:125:in `call'
rack (2.0.4) lib/rack/sendfile.rb:111:in `call'
railties (5.1.4) lib/rails/engine.rb:522:in `call'
puma (3.11.2) lib/puma/configuration.rb:225:in `call'
puma (3.11.2) lib/puma/server.rb:624:in `handle_request'
puma (3.11.2) lib/puma/server.rb:438:in `process_client'
puma (3.11.2) lib/puma/server.rb:302:in `block in run'
puma (3.11.2) lib/puma/thread_pool.rb:120:in `block in spawn_thread'
Started GET "/" for 127.0.0.1 at 2018-02-26 21:14:44 -0800
  
Mysql2::Error (Can't connect to local MySQL server through socket '/tmp/mysql.sock' (2)):
  
mysql2 (0.4.10) lib/mysql2/client.rb:89:in `connect'
mysql2 (0.4.10) lib/mysql2/client.rb:89:in `initialize'
activerecord (5.1.4) lib/active_record/connection_adapters/mysql2_adapter.rb:21:in `new'
activerecord (5.1.4) lib/active_record/connection_adapters/mysql2_adapter.rb:21:in `mysql2_connection'
activerecord (5.1.4) lib/active_record/connection_adapters/abstract/connection_pool.rb:759:in `new_connection'
activerecord (5.1.4) lib/active_record/connection_adapters/abstract/connection_pool.rb:803:in `checkout_new_connection'
activerecord (5.1.4) lib/active_record/connection_adapters/abstract/connection_pool.rb:782:in `try_to_checkout_new_connection'
activerecord (5.1.4) lib/active_record/connection_adapters/abstract/connection_pool.rb:743:in `acquire_connection'
activerecord (5.1.4) lib/active_record/connection_adapters/abstract/connection_pool.rb:500:in `checkout'
activerecord (5.1.4) lib/active_record/connection_adapters/abstract/connection_pool.rb:374:in `connection'
activerecord (5.1.4) lib/active_record/connection_adapters/abstract/connection_pool.rb:931:in `retrieve_connection'
activerecord (5.1.4) lib/active_record/connection_handling.rb:116:in `retrieve_connection'
activerecord (5.1.4) lib/active_record/connection_handling.rb:88:in `connection'
activerecord (5.1.4) lib/active_record/migration.rb:562:in `connection'
activerecord (5.1.4) lib/active_record/migration.rb:553:in `call'
actionpack (5.1.4) lib/action_dispatch/middleware/callbacks.rb:26:in `block in call'
activesupport (5.1.4) lib/active_support/callbacks.rb:97:in `run_callbacks'
actionpack (5.1.4) lib/action_dispatch/middleware/callbacks.rb:24:in `call'
actionpack (5.1.4) lib/action_dispatch/middleware/executor.rb:12:in `call'
actionpack (5.1.4) lib/action_dispatch/middleware/debug_exceptions.rb:59:in `call'
web-console (3.5.1) lib/web_console/middleware.rb:135:in `call_app'
web-console (3.5.1) lib/web_console/middleware.rb:28:in `block in call'
web-console (3.5.1) lib/web_console/middleware.rb:18:in `catch'
web-console (3.5.1) lib/web_console/middleware.rb:18:in `call'
actionpack (5.1.4) lib/action_dispatch/middleware/show_exceptions.rb:31:in `call'
railties (5.1.4) lib/rails/rack/logger.rb:36:in `call_app'
railties (5.1.4) lib/rails/rack/logger.rb:24:in `block in call'
activesupport (5.1.4) lib/active_support/tagged_logging.rb:69:in `block in tagged'
activesupport (5.1.4) lib/active_support/tagged_logging.rb:26:in `tagged'
activesupport (5.1.4) lib/active_support/tagged_logging.rb:69:in `tagged'
railties (5.1.4) lib/rails/rack/logger.rb:24:in `call'
sprockets-rails (3.2.1) lib/sprockets/rails/quiet_assets.rb:13:in `call'
actionpack (5.1.4) lib/action_dispatch/middleware/remote_ip.rb:79:in `call'
actionpack (5.1.4) lib/action_dispatch/middleware/request_id.rb:25:in `call'
rack (2.0.4) lib/rack/method_override.rb:22:in `call'
rack (2.0.4) lib/rack/runtime.rb:22:in `call'
activesupport (5.1.4) lib/active_support/cache/strategy/local_cache_middleware.rb:27:in `call'
actionpack (5.1.4) lib/action_dispatch/middleware/executor.rb:12:in `call'
actionpack (5.1.4) lib/action_dispatch/middleware/static.rb:125:in `call'
rack (2.0.4) lib/rack/sendfile.rb:111:in `call'
railties (5.1.4) lib/rails/engine.rb:522:in `call'
puma (3.11.2) lib/puma/configuration.rb:225:in `call'
puma (3.11.2) lib/puma/server.rb:624:in `handle_request'
puma (3.11.2) lib/puma/server.rb:438:in `process_client'
puma (3.11.2) lib/puma/server.rb:302:in `block in run'
puma (3.11.2) lib/puma/thread_pool.rb:120:in `block in spawn_thread'
Started GET "/" for 127.0.0.1 at 2018-02-26 21:26:31 -0800
  
Mysql2::Error (Can't connect to local MySQL server through socket '/tmp/mysql.sock' (2)):
  
mysql2 (0.4.10) lib/mysql2/client.rb:89:in `connect'
mysql2 (0.4.10) lib/mysql2/client.rb:89:in `initialize'
activerecord (5.1.4) lib/active_record/connection_adapters/mysql2_adapter.rb:21:in `new'
activerecord (5.1.4) lib/active_record/connection_adapters/mysql2_adapter.rb:21:in `mysql2_connection'
activerecord (5.1.4) lib/active_record/connection_adapters/abstract/connection_pool.rb:759:in `new_connection'
activerecord (5.1.4) lib/active_record/connection_adapters/abstract/connection_pool.rb:803:in `checkout_new_connection'
activerecord (5.1.4) lib/active_record/connection_adapters/abstract/connection_pool.rb:782:in `try_to_checkout_new_connection'
activerecord (5.1.4) lib/active_record/connection_adapters/abstract/connection_pool.rb:743:in `acquire_connection'
activerecord (5.1.4) lib/active_record/connection_adapters/abstract/connection_pool.rb:500:in `checkout'
activerecord (5.1.4) lib/active_record/connection_adapters/abstract/connection_pool.rb:374:in `connection'
activerecord (5.1.4) lib/active_record/connection_adapters/abstract/connection_pool.rb:931:in `retrieve_connection'
activerecord (5.1.4) lib/active_record/connection_handling.rb:116:in `retrieve_connection'
activerecord (5.1.4) lib/active_record/connection_handling.rb:88:in `connection'
activerecord (5.1.4) lib/active_record/migration.rb:562:in `connection'
activerecord (5.1.4) lib/active_record/migration.rb:553:in `call'
actionpack (5.1.4) lib/action_dispatch/middleware/callbacks.rb:26:in `block in call'
activesupport (5.1.4) lib/active_support/callbacks.rb:97:in `run_callbacks'
actionpack (5.1.4) lib/action_dispatch/middleware/callbacks.rb:24:in `call'
actionpack (5.1.4) lib/action_dispatch/middleware/executor.rb:12:in `call'
actionpack (5.1.4) lib/action_dispatch/middleware/debug_exceptions.rb:59:in `call'
web-console (3.5.1) lib/web_console/middleware.rb:135:in `call_app'
web-console (3.5.1) lib/web_console/middleware.rb:28:in `block in call'
web-console (3.5.1) lib/web_console/middleware.rb:18:in `catch'
web-console (3.5.1) lib/web_console/middleware.rb:18:in `call'
actionpack (5.1.4) lib/action_dispatch/middleware/show_exceptions.rb:31:in `call'
railties (5.1.4) lib/rails/rack/logger.rb:36:in `call_app'
railties (5.1.4) lib/rails/rack/logger.rb:24:in `block in call'
activesupport (5.1.4) lib/active_support/tagged_logging.rb:69:in `block in tagged'
activesupport (5.1.4) lib/active_support/tagged_logging.rb:26:in `tagged'
activesupport (5.1.4) lib/active_support/tagged_logging.rb:69:in `tagged'
railties (5.1.4) lib/rails/rack/logger.rb:24:in `call'
sprockets-rails (3.2.1) lib/sprockets/rails/quiet_assets.rb:13:in `call'
actionpack (5.1.4) lib/action_dispatch/middleware/remote_ip.rb:79:in `call'
actionpack (5.1.4) lib/action_dispatch/middleware/request_id.rb:25:in `call'
rack (2.0.4) lib/rack/method_override.rb:22:in `call'
rack (2.0.4) lib/rack/runtime.rb:22:in `call'
activesupport (5.1.4) lib/active_support/cache/strategy/local_cache_middleware.rb:27:in `call'
actionpack (5.1.4) lib/action_dispatch/middleware/executor.rb:12:in `call'
actionpack (5.1.4) lib/action_dispatch/middleware/static.rb:125:in `call'
rack (2.0.4) lib/rack/sendfile.rb:111:in `call'
railties (5.1.4) lib/rails/engine.rb:522:in `call'
puma (3.11.2) lib/puma/configuration.rb:225:in `call'
puma (3.11.2) lib/puma/server.rb:624:in `handle_request'
puma (3.11.2) lib/puma/server.rb:438:in `process_client'
puma (3.11.2) lib/puma/server.rb:302:in `block in run'
puma (3.11.2) lib/puma/thread_pool.rb:120:in `block in spawn_thread'
Started GET "/" for 127.0.0.1 at 2018-02-26 21:32:53 -0800
  
Mysql2::Error (Access denied for user 'root'@'localhost' (using password: YES)):
  
mysql2 (0.4.10) lib/mysql2/client.rb:89:in `connect'
mysql2 (0.4.10) lib/mysql2/client.rb:89:in `initialize'
activerecord (5.1.4) lib/active_record/connection_adapters/mysql2_adapter.rb:21:in `new'
activerecord (5.1.4) lib/active_record/connection_adapters/mysql2_adapter.rb:21:in `mysql2_connection'
activerecord (5.1.4) lib/active_record/connection_adapters/abstract/connection_pool.rb:759:in `new_connection'
activerecord (5.1.4) lib/active_record/connection_adapters/abstract/connection_pool.rb:803:in `checkout_new_connection'
activerecord (5.1.4) lib/active_record/connection_adapters/abstract/connection_pool.rb:782:in `try_to_checkout_new_connection'
activerecord (5.1.4) lib/active_record/connection_adapters/abstract/connection_pool.rb:743:in `acquire_connection'
activerecord (5.1.4) lib/active_record/connection_adapters/abstract/connection_pool.rb:500:in `checkout'
activerecord (5.1.4) lib/active_record/connection_adapters/abstract/connection_pool.rb:374:in `connection'
activerecord (5.1.4) lib/active_record/connection_adapters/abstract/connection_pool.rb:931:in `retrieve_connection'
activerecord (5.1.4) lib/active_record/connection_handling.rb:116:in `retrieve_connection'
activerecord (5.1.4) lib/active_record/connection_handling.rb:88:in `connection'
activerecord (5.1.4) lib/active_record/migration.rb:562:in `connection'
activerecord (5.1.4) lib/active_record/migration.rb:553:in `call'
actionpack (5.1.4) lib/action_dispatch/middleware/callbacks.rb:26:in `block in call'
activesupport (5.1.4) lib/active_support/callbacks.rb:97:in `run_callbacks'
actionpack (5.1.4) lib/action_dispatch/middleware/callbacks.rb:24:in `call'
actionpack (5.1.4) lib/action_dispatch/middleware/executor.rb:12:in `call'
actionpack (5.1.4) lib/action_dispatch/middleware/debug_exceptions.rb:59:in `call'
web-console (3.5.1) lib/web_console/middleware.rb:135:in `call_app'
web-console (3.5.1) lib/web_console/middleware.rb:28:in `block in call'
web-console (3.5.1) lib/web_console/middleware.rb:18:in `catch'
web-console (3.5.1) lib/web_console/middleware.rb:18:in `call'
actionpack (5.1.4) lib/action_dispatch/middleware/show_exceptions.rb:31:in `call'
railties (5.1.4) lib/rails/rack/logger.rb:36:in `call_app'
railties (5.1.4) lib/rails/rack/logger.rb:24:in `block in call'
activesupport (5.1.4) lib/active_support/tagged_logging.rb:69:in `block in tagged'
activesupport (5.1.4) lib/active_support/tagged_logging.rb:26:in `tagged'
activesupport (5.1.4) lib/active_support/tagged_logging.rb:69:in `tagged'
railties (5.1.4) lib/rails/rack/logger.rb:24:in `call'
sprockets-rails (3.2.1) lib/sprockets/rails/quiet_assets.rb:13:in `call'
actionpack (5.1.4) lib/action_dispatch/middleware/remote_ip.rb:79:in `call'
actionpack (5.1.4) lib/action_dispatch/middleware/request_id.rb:25:in `call'
rack (2.0.4) lib/rack/method_override.rb:22:in `call'
rack (2.0.4) lib/rack/runtime.rb:22:in `call'
activesupport (5.1.4) lib/active_support/cache/strategy/local_cache_middleware.rb:27:in `call'
actionpack (5.1.4) lib/action_dispatch/middleware/executor.rb:12:in `call'
actionpack (5.1.4) lib/action_dispatch/middleware/static.rb:125:in `call'
rack (2.0.4) lib/rack/sendfile.rb:111:in `call'
railties (5.1.4) lib/rails/engine.rb:522:in `call'
puma (3.11.2) lib/puma/configuration.rb:225:in `call'
puma (3.11.2) lib/puma/server.rb:624:in `handle_request'
puma (3.11.2) lib/puma/server.rb:438:in `process_client'
puma (3.11.2) lib/puma/server.rb:302:in `block in run'
puma (3.11.2) lib/puma/thread_pool.rb:120:in `block in spawn_thread'
Started GET "/" for 127.0.0.1 at 2018-02-26 21:33:31 -0800
  
ActiveRecord::NoDatabaseError (Unknown database 'au5_development'):
  
activerecord (5.1.4) lib/active_record/connection_adapters/mysql2_adapter.rb:25:in `rescue in mysql2_connection'
activerecord (5.1.4) lib/active_record/connection_adapters/mysql2_adapter.rb:12:in `mysql2_connection'
activerecord (5.1.4) lib/active_record/connection_adapters/abstract/connection_pool.rb:759:in `new_connection'
activerecord (5.1.4) lib/active_record/connection_adapters/abstract/connection_pool.rb:803:in `checkout_new_connection'
activerecord (5.1.4) lib/active_record/connection_adapters/abstract/connection_pool.rb:782:in `try_to_checkout_new_connection'
activerecord (5.1.4) lib/active_record/connection_adapters/abstract/connection_pool.rb:743:in `acquire_connection'
activerecord (5.1.4) lib/active_record/connection_adapters/abstract/connection_pool.rb:500:in `checkout'
activerecord (5.1.4) lib/active_record/connection_adapters/abstract/connection_pool.rb:374:in `connection'
activerecord (5.1.4) lib/active_record/connection_adapters/abstract/connection_pool.rb:931:in `retrieve_connection'
activerecord (5.1.4) lib/active_record/connection_handling.rb:116:in `retrieve_connection'
activerecord (5.1.4) lib/active_record/connection_handling.rb:88:in `connection'
activerecord (5.1.4) lib/active_record/migration.rb:562:in `connection'
activerecord (5.1.4) lib/active_record/migration.rb:553:in `call'
actionpack (5.1.4) lib/action_dispatch/middleware/callbacks.rb:26:in `block in call'
activesupport (5.1.4) lib/active_support/callbacks.rb:97:in `run_callbacks'
actionpack (5.1.4) lib/action_dispatch/middleware/callbacks.rb:24:in `call'
actionpack (5.1.4) lib/action_dispatch/middleware/executor.rb:12:in `call'
actionpack (5.1.4) lib/action_dispatch/middleware/debug_exceptions.rb:59:in `call'
web-console (3.5.1) lib/web_console/middleware.rb:135:in `call_app'
web-console (3.5.1) lib/web_console/middleware.rb:28:in `block in call'
web-console (3.5.1) lib/web_console/middleware.rb:18:in `catch'
web-console (3.5.1) lib/web_console/middleware.rb:18:in `call'
actionpack (5.1.4) lib/action_dispatch/middleware/show_exceptions.rb:31:in `call'
railties (5.1.4) lib/rails/rack/logger.rb:36:in `call_app'
railties (5.1.4) lib/rails/rack/logger.rb:24:in `block in call'
activesupport (5.1.4) lib/active_support/tagged_logging.rb:69:in `block in tagged'
activesupport (5.1.4) lib/active_support/tagged_logging.rb:26:in `tagged'
activesupport (5.1.4) lib/active_support/tagged_logging.rb:69:in `tagged'
railties (5.1.4) lib/rails/rack/logger.rb:24:in `call'
sprockets-rails (3.2.1) lib/sprockets/rails/quiet_assets.rb:13:in `call'
actionpack (5.1.4) lib/action_dispatch/middleware/remote_ip.rb:79:in `call'
actionpack (5.1.4) lib/action_dispatch/middleware/request_id.rb:25:in `call'
rack (2.0.4) lib/rack/method_override.rb:22:in `call'
rack (2.0.4) lib/rack/runtime.rb:22:in `call'
activesupport (5.1.4) lib/active_support/cache/strategy/local_cache_middleware.rb:27:in `call'
actionpack (5.1.4) lib/action_dispatch/middleware/executor.rb:12:in `call'
actionpack (5.1.4) lib/action_dispatch/middleware/static.rb:125:in `call'
rack (2.0.4) lib/rack/sendfile.rb:111:in `call'
railties (5.1.4) lib/rails/engine.rb:522:in `call'
puma (3.11.2) lib/puma/configuration.rb:225:in `call'
puma (3.11.2) lib/puma/server.rb:624:in `handle_request'
puma (3.11.2) lib/puma/server.rb:438:in `process_client'
puma (3.11.2) lib/puma/server.rb:302:in `block in run'
puma (3.11.2) lib/puma/thread_pool.rb:120:in `block in spawn_thread'
  [1m[35m (0.2ms)[0m  [1m[35mSET NAMES utf8,  @@SESSION.sql_mode = CONCAT(CONCAT(@@sql_mode, ',STRICT_ALL_TABLES'), ',NO_AUTO_VALUE_ON_ZERO'),  @@SESSION.sql_auto_is_null = 0, @@SESSION.wait_timeout = 2147483[0m
  [1m[35m (32.1ms)[0m  [1m[35mCREATE TABLE `schema_migrations` (`version` varchar(255) NOT NULL PRIMARY KEY) ENGINE=InnoDB[0m
  [1m[35m (20.2ms)[0m  [1m[35mCREATE TABLE `ar_internal_metadata` (`key` varchar(255) NOT NULL PRIMARY KEY, `value` varchar(255), `created_at` datetime NOT NULL, `updated_at` datetime NOT NULL) ENGINE=InnoDB[0m
  [1m[35m (0.9ms)[0m  [1m[34mSELECT GET_LOCK(6518081004143099895, 0)[0m
  [1m[35m (0.7ms)[0m  [1m[34mSELECT `schema_migrations`.`version` FROM `schema_migrations` ORDER BY `schema_migrations`.`version` ASC[0m
Migrating to CreateArticles (20180214183229)
  [1m[35m (27.3ms)[0m  [1m[35mCREATE TABLE `articles` (`id` bigint NOT NULL AUTO_INCREMENT PRIMARY KEY, `name` varchar(255), `author` varchar(255), `content` text, `published_at` datetime, `created_at` datetime NOT NULL, `updated_at` datetime NOT NULL) ENGINE=InnoDB[0m
  [1m[35m (0.1ms)[0m  [1m[35mBEGIN[0m
  [1m[35mSQL (2.1ms)[0m  [1m[32mINSERT INTO `schema_migrations` (`version`) VALUES ('20180214183229')[0m
  [1m[35m (3.6ms)[0m  [1m[35mCOMMIT[0m
Migrating to CreateUsers (20180214184050)
  [1m[35m (22.1ms)[0m  [1m[35mCREATE TABLE `users` (`id` bigint NOT NULL AUTO_INCREMENT PRIMARY KEY, `email` varchar(255), `password_digest` varchar(255), `created_at` datetime NOT NULL, `updated_at` datetime NOT NULL) ENGINE=InnoDB[0m
  [1m[35m (0.2ms)[0m  [1m[35mBEGIN[0m
  [1m[35mSQL (1.1ms)[0m  [1m[32mINSERT INTO `schema_migrations` (`version`) VALUES ('20180214184050')[0m
  [1m[35m (5.5ms)[0m  [1m[35mCOMMIT[0m
  [1m[36mActiveRecord::InternalMetadata Load (0.3ms)[0m  [1m[34mSELECT  `ar_internal_metadata`.* FROM `ar_internal_metadata` WHERE `ar_internal_metadata`.`key` = 'environment' LIMIT 1[0m
  [1m[35m (7.9ms)[0m  [1m[35mBEGIN[0m
  [1m[35mSQL (1.5ms)[0m  [1m[32mINSERT INTO `ar_internal_metadata` (`key`, `value`, `created_at`, `updated_at`) VALUES ('environment', 'development', '2018-02-27 05:35:17', '2018-02-27 05:35:17')[0m
  [1m[35m (2.7ms)[0m  [1m[35mCOMMIT[0m
  [1m[35m (0.2ms)[0m  [1m[34mSELECT RELEASE_LOCK(6518081004143099895)[0m
  [1m[35m (0.4ms)[0m  [1m[34mSELECT `schema_migrations`.`version` FROM `schema_migrations` ORDER BY `schema_migrations`.`version` ASC[0m
Started GET "/" for 127.0.0.1 at 2018-02-26 21:35:28 -0800
  [1m[35m (0.3ms)[0m  [1m[35mSET NAMES utf8,  @@SESSION.sql_mode = CONCAT(CONCAT(@@sql_mode, ',STRICT_ALL_TABLES'), ',NO_AUTO_VALUE_ON_ZERO'),  @@SESSION.sql_auto_is_null = 0, @@SESSION.wait_timeout = 2147483[0m
  [1m[35m (0.2ms)[0m  [1m[34mSELECT `schema_migrations`.`version` FROM `schema_migrations` ORDER BY `schema_migrations`.`version` ASC[0m
Processing by ArticlesController#index as HTML
  Rendering articles/index.html.erb within layouts/application
  [1m[36mArticle Load (0.9ms)[0m  [1m[34mSELECT `articles`.* FROM `articles`[0m
  Rendered collection of templates [0 times] (0.0ms)
  Rendered articles/index.html.erb within layouts/application (3.2ms)
Completed 200 OK in 368ms (Views: 349.7ms | ActiveRecord: 1.2ms)


Started GET "/sessions/new" for 127.0.0.1 at 2018-02-26 21:35:36 -0800
Processing by SessionsController#new as HTML
  Rendering sessions/new.html.erb within layouts/application
  Rendered sessions/new.html.erb within layouts/application (1.2ms)
Completed 200 OK in 59ms (Views: 57.1ms | ActiveRecord: 0.0ms)


Started GET "/users/new" for 127.0.0.1 at 2018-02-26 21:35:38 -0800
Processing by UsersController#new as HTML
  Rendering users/new.html.erb within layouts/application
  Rendered users/new.html.erb within layouts/application (29.4ms)
Completed 200 OK in 117ms (Views: 84.3ms | ActiveRecord: 3.1ms)


Started POST "/users" for 127.0.0.1 at 2018-02-26 21:37:27 -0800
Processing by UsersController#create as HTML
  Parameters: {"utf8"=>"✓", "authenticity_token"=>"KQqE/JbmlcXu+1kQC0IQQFbh9AnhH8tzjtuF+AxasTd51SzsiuPDAd3RLMWX/UBZgtJpqBJW7Fi0p5HrBHcmkw==", "user"=>{"email"=>"hgkim@sfu.ca", "password"=>"[FILTERED]", "password_confirmation"=>"[FILTERED]"}, "commit"=>"Sign Up"}
  [1m[35m (0.2ms)[0m  [1m[35mBEGIN[0m
  [1m[35mSQL (0.3ms)[0m  [1m[32mINSERT INTO `users` (`email`, `password_digest`, `created_at`, `updated_at`) VALUES ('hgkim@sfu.ca', '$2a$10$o7Ifk85DhFTbPByLkCNOq.fRCmKqXRDwqe5fQuUMHX.9hJU0tD6UG', '2018-02-27 05:37:28', '2018-02-27 05:37:28')[0m
  [1m[35m (4.6ms)[0m  [1m[35mCOMMIT[0m
Redirected to http://localhost:3000/
Completed 302 Found in 71ms (ActiveRecord: 5.0ms)


Started GET "/" for 127.0.0.1 at 2018-02-26 21:37:28 -0800
Processing by ArticlesController#index as HTML
  Rendering articles/index.html.erb within layouts/application
  [1m[36mArticle Load (0.3ms)[0m  [1m[34mSELECT `articles`.* FROM `articles`[0m
  Rendered collection of templates [0 times] (0.0ms)
  Rendered articles/index.html.erb within layouts/application (1.4ms)
Completed 200 OK in 30ms (Views: 29.4ms | ActiveRecord: 0.3ms)


Started GET "/sessions/new" for 127.0.0.1 at 2018-02-26 21:37:30 -0800
Processing by SessionsController#new as HTML
  Rendering sessions/new.html.erb within layouts/application
  Rendered sessions/new.html.erb within layouts/application (0.9ms)
Completed 200 OK in 22ms (Views: 21.1ms | ActiveRecord: 0.0ms)


Started POST "/sessions" for 127.0.0.1 at 2018-02-26 21:37:38 -0800
Processing by SessionsController#create as HTML
  Parameters: {"utf8"=>"✓", "authenticity_token"=>"aIu9oGVo7WueEXyoglAwMZqDjHKPlzlKtRAsz1w5GrxpR+gFqWGYLaen8/bh+sxy0Ad/6CZ9r0N3zNxjx7V+rQ==", "email"=>"hgkim@sfu.ca", "password"=>"[FILTERED]", "commit"=>"Log In"}
  [1m[36mUser Load (3.2ms)[0m  [1m[34mSELECT  `users`.* FROM `users` WHERE `users`.`email` = 'hgkim@sfu.ca' LIMIT 1[0m
Redirected to http://localhost:3000/
Completed 302 Found in 95ms (ActiveRecord: 3.2ms)


Started GET "/" for 127.0.0.1 at 2018-02-26 21:37:38 -0800
Processing by ArticlesController#index as HTML
  Rendering articles/index.html.erb within layouts/application
  [1m[36mArticle Load (0.3ms)[0m  [1m[34mSELECT `articles`.* FROM `articles`[0m
  Rendered collection of templates [0 times] (0.0ms)
  Rendered articles/index.html.erb within layouts/application (2.0ms)
Completed 200 OK in 18ms (Views: 16.1ms | ActiveRecord: 0.3ms)


Started GET "/articles/" for 127.0.0.1 at 2018-02-26 21:41:56 -0800
Processing by ArticlesController#index as HTML
  Rendering articles/index.html.erb within layouts/application
  [1m[36mArticle Load (0.3ms)[0m  [1m[34mSELECT `articles`.* FROM `articles`[0m
  Rendered collection of templates [0 times] (0.0ms)
  Rendered articles/index.html.erb within layouts/application (1.1ms)
Completed 200 OK in 19ms (Views: 18.6ms | ActiveRecord: 0.3ms)


Started GET "/articles/" for 127.0.0.1 at 2018-02-27 20:14:24 -0800
  [1m[35m (3.2ms)[0m  [1m[35mSET NAMES utf8,  @@SESSION.sql_mode = CONCAT(CONCAT(@@sql_mode, ',STRICT_ALL_TABLES'), ',NO_AUTO_VALUE_ON_ZERO'),  @@SESSION.sql_auto_is_null = 0, @@SESSION.wait_timeout = 2147483[0m
  [1m[35m (0.2ms)[0m  [1m[34mSELECT `schema_migrations`.`version` FROM `schema_migrations` ORDER BY `schema_migrations`.`version` ASC[0m
Processing by ArticlesController#index as HTML
  Rendering articles/index.html.erb within layouts/application
  [1m[36mArticle Load (0.9ms)[0m  [1m[34mSELECT `articles`.* FROM `articles`[0m
  Rendered collection of templates [0 times] (0.0ms)
  Rendered articles/index.html.erb within layouts/application (3.6ms)
Completed 200 OK in 359ms (Views: 349.4ms | ActiveRecord: 1.2ms)


Started GET "/articles/new" for 127.0.0.1 at 2018-02-27 20:27:10 -0800
  [1m[35m (0.3ms)[0m  [1m[35mSET NAMES utf8,  @@SESSION.sql_mode = CONCAT(CONCAT(@@sql_mode, ',STRICT_ALL_TABLES'), ',NO_AUTO_VALUE_ON_ZERO'),  @@SESSION.sql_auto_is_null = 0, @@SESSION.wait_timeout = 2147483[0m
  [1m[35m (0.2ms)[0m  [1m[34mSELECT `schema_migrations`.`version` FROM `schema_migrations` ORDER BY `schema_migrations`.`version` ASC[0m
  
AbstractController::ActionNotFound (The action 'new' could not be found for ArticlesController):
  
actionpack (5.1.4) lib/abstract_controller/base.rb:119:in `process'
actionview (5.1.4) lib/action_view/rendering.rb:30:in `process'
actionpack (5.1.4) lib/action_controller/metal.rb:189:in `dispatch'
actionpack (5.1.4) lib/action_controller/metal.rb:253:in `dispatch'
actionpack (5.1.4) lib/action_dispatch/routing/route_set.rb:49:in `dispatch'
actionpack (5.1.4) lib/action_dispatch/routing/route_set.rb:31:in `serve'
actionpack (5.1.4) lib/action_dispatch/journey/router.rb:50:in `block in serve'
actionpack (5.1.4) lib/action_dispatch/journey/router.rb:33:in `each'
actionpack (5.1.4) lib/action_dispatch/journey/router.rb:33:in `serve'
actionpack (5.1.4) lib/action_dispatch/routing/route_set.rb:834:in `call'
rack (2.0.4) lib/rack/etag.rb:25:in `call'
rack (2.0.4) lib/rack/conditional_get.rb:25:in `call'
rack (2.0.4) lib/rack/head.rb:12:in `call'
rack (2.0.4) lib/rack/session/abstract/id.rb:232:in `context'
rack (2.0.4) lib/rack/session/abstract/id.rb:226:in `call'
actionpack (5.1.4) lib/action_dispatch/middleware/cookies.rb:613:in `call'
activerecord (5.1.4) lib/active_record/migration.rb:556:in `call'
actionpack (5.1.4) lib/action_dispatch/middleware/callbacks.rb:26:in `block in call'
activesupport (5.1.4) lib/active_support/callbacks.rb:97:in `run_callbacks'
actionpack (5.1.4) lib/action_dispatch/middleware/callbacks.rb:24:in `call'
actionpack (5.1.4) lib/action_dispatch/middleware/executor.rb:12:in `call'
actionpack (5.1.4) lib/action_dispatch/middleware/debug_exceptions.rb:59:in `call'
web-console (3.5.1) lib/web_console/middleware.rb:135:in `call_app'
web-console (3.5.1) lib/web_console/middleware.rb:28:in `block in call'
web-console (3.5.1) lib/web_console/middleware.rb:18:in `catch'
web-console (3.5.1) lib/web_console/middleware.rb:18:in `call'
actionpack (5.1.4) lib/action_dispatch/middleware/show_exceptions.rb:31:in `call'
railties (5.1.4) lib/rails/rack/logger.rb:36:in `call_app'
railties (5.1.4) lib/rails/rack/logger.rb:24:in `block in call'
activesupport (5.1.4) lib/active_support/tagged_logging.rb:69:in `block in tagged'
activesupport (5.1.4) lib/active_support/tagged_logging.rb:26:in `tagged'
activesupport (5.1.4) lib/active_support/tagged_logging.rb:69:in `tagged'
railties (5.1.4) lib/rails/rack/logger.rb:24:in `call'
sprockets-rails (3.2.1) lib/sprockets/rails/quiet_assets.rb:13:in `call'
actionpack (5.1.4) lib/action_dispatch/middleware/remote_ip.rb:79:in `call'
actionpack (5.1.4) lib/action_dispatch/middleware/request_id.rb:25:in `call'
rack (2.0.4) lib/rack/method_override.rb:22:in `call'
rack (2.0.4) lib/rack/runtime.rb:22:in `call'
activesupport (5.1.4) lib/active_support/cache/strategy/local_cache_middleware.rb:27:in `call'
actionpack (5.1.4) lib/action_dispatch/middleware/executor.rb:12:in `call'
actionpack (5.1.4) lib/action_dispatch/middleware/static.rb:125:in `call'
rack (2.0.4) lib/rack/sendfile.rb:111:in `call'
railties (5.1.4) lib/rails/engine.rb:522:in `call'
puma (3.11.2) lib/puma/configuration.rb:225:in `call'
puma (3.11.2) lib/puma/server.rb:624:in `handle_request'
puma (3.11.2) lib/puma/server.rb:438:in `process_client'
puma (3.11.2) lib/puma/server.rb:302:in `block in run'
puma (3.11.2) lib/puma/thread_pool.rb:120:in `block in spawn_thread'
Started GET "/articles/new" for 127.0.0.1 at 2018-02-27 20:27:11 -0800
  
AbstractController::ActionNotFound (The action 'new' could not be found for ArticlesController):
  
actionpack (5.1.4) lib/abstract_controller/base.rb:119:in `process'
actionview (5.1.4) lib/action_view/rendering.rb:30:in `process'
actionpack (5.1.4) lib/action_controller/metal.rb:189:in `dispatch'
actionpack (5.1.4) lib/action_controller/metal.rb:253:in `dispatch'
actionpack (5.1.4) lib/action_dispatch/routing/route_set.rb:49:in `dispatch'
actionpack (5.1.4) lib/action_dispatch/routing/route_set.rb:31:in `serve'
actionpack (5.1.4) lib/action_dispatch/journey/router.rb:50:in `block in serve'
actionpack (5.1.4) lib/action_dispatch/journey/router.rb:33:in `each'
actionpack (5.1.4) lib/action_dispatch/journey/router.rb:33:in `serve'
actionpack (5.1.4) lib/action_dispatch/routing/route_set.rb:834:in `call'
rack (2.0.4) lib/rack/etag.rb:25:in `call'
rack (2.0.4) lib/rack/conditional_get.rb:25:in `call'
rack (2.0.4) lib/rack/head.rb:12:in `call'
rack (2.0.4) lib/rack/session/abstract/id.rb:232:in `context'
rack (2.0.4) lib/rack/session/abstract/id.rb:226:in `call'
actionpack (5.1.4) lib/action_dispatch/middleware/cookies.rb:613:in `call'
activerecord (5.1.4) lib/active_record/migration.rb:556:in `call'
actionpack (5.1.4) lib/action_dispatch/middleware/callbacks.rb:26:in `block in call'
activesupport (5.1.4) lib/active_support/callbacks.rb:97:in `run_callbacks'
actionpack (5.1.4) lib/action_dispatch/middleware/callbacks.rb:24:in `call'
actionpack (5.1.4) lib/action_dispatch/middleware/executor.rb:12:in `call'
actionpack (5.1.4) lib/action_dispatch/middleware/debug_exceptions.rb:59:in `call'
web-console (3.5.1) lib/web_console/middleware.rb:135:in `call_app'
web-console (3.5.1) lib/web_console/middleware.rb:28:in `block in call'
web-console (3.5.1) lib/web_console/middleware.rb:18:in `catch'
web-console (3.5.1) lib/web_console/middleware.rb:18:in `call'
actionpack (5.1.4) lib/action_dispatch/middleware/show_exceptions.rb:31:in `call'
railties (5.1.4) lib/rails/rack/logger.rb:36:in `call_app'
railties (5.1.4) lib/rails/rack/logger.rb:24:in `block in call'
activesupport (5.1.4) lib/active_support/tagged_logging.rb:69:in `block in tagged'
activesupport (5.1.4) lib/active_support/tagged_logging.rb:26:in `tagged'
activesupport (5.1.4) lib/active_support/tagged_logging.rb:69:in `tagged'
railties (5.1.4) lib/rails/rack/logger.rb:24:in `call'
sprockets-rails (3.2.1) lib/sprockets/rails/quiet_assets.rb:13:in `call'
actionpack (5.1.4) lib/action_dispatch/middleware/remote_ip.rb:79:in `call'
actionpack (5.1.4) lib/action_dispatch/middleware/request_id.rb:25:in `call'
rack (2.0.4) lib/rack/method_override.rb:22:in `call'
rack (2.0.4) lib/rack/runtime.rb:22:in `call'
activesupport (5.1.4) lib/active_support/cache/strategy/local_cache_middleware.rb:27:in `call'
actionpack (5.1.4) lib/action_dispatch/middleware/executor.rb:12:in `call'
actionpack (5.1.4) lib/action_dispatch/middleware/static.rb:125:in `call'
rack (2.0.4) lib/rack/sendfile.rb:111:in `call'
railties (5.1.4) lib/rails/engine.rb:522:in `call'
puma (3.11.2) lib/puma/configuration.rb:225:in `call'
puma (3.11.2) lib/puma/server.rb:624:in `handle_request'
puma (3.11.2) lib/puma/server.rb:438:in `process_client'
puma (3.11.2) lib/puma/server.rb:302:in `block in run'
puma (3.11.2) lib/puma/thread_pool.rb:120:in `block in spawn_thread'
Started GET "/" for 127.0.0.1 at 2018-02-27 20:27:17 -0800
Processing by ArticlesController#index as HTML
  Rendering articles/index.html.erb within layouts/application
  [1m[35m (0.2ms)[0m  [1m[35mSET NAMES utf8,  @@SESSION.sql_mode = CONCAT(CONCAT(@@sql_mode, ',STRICT_ALL_TABLES'), ',NO_AUTO_VALUE_ON_ZERO'),  @@SESSION.sql_auto_is_null = 0, @@SESSION.wait_timeout = 2147483[0m
  [1m[36mArticle Load (0.5ms)[0m  [1m[34mSELECT `articles`.* FROM `articles`[0m
  Rendered collection of templates [0 times] (0.0ms)
  Rendered articles/index.html.erb within layouts/application (7.1ms)
Completed 200 OK in 209ms (Views: 200.4ms | ActiveRecord: 1.1ms)


Started GET "/sessions/new" for 127.0.0.1 at 2018-02-27 20:27:51 -0800
Processing by SessionsController#new as HTML
  Rendering sessions/new.html.erb within layouts/application
  Rendered sessions/new.html.erb within layouts/application (1.2ms)
Completed 200 OK in 20ms (Views: 18.9ms | ActiveRecord: 0.0ms)


  [1m[35m (0.2ms)[0m  [1m[35mSET NAMES utf8,  @@SESSION.sql_mode = CONCAT(CONCAT(@@sql_mode, ',STRICT_ALL_TABLES'), ',NO_AUTO_VALUE_ON_ZERO'),  @@SESSION.sql_auto_is_null = 0, @@SESSION.wait_timeout = 2147483[0m
  [1m[35m (1.0ms)[0m  [1m[34mSELECT GET_LOCK(6518081004143099895, 0)[0m
  [1m[35m (0.2ms)[0m  [1m[34mSELECT `schema_migrations`.`version` FROM `schema_migrations` ORDER BY `schema_migrations`.`version` ASC[0m
Migrating to CreateDevices (20180228062726)
  [1m[35m (0.1ms)[0m  [1m[34mSELECT RELEASE_LOCK(6518081004143099895)[0m
  [1m[35m (0.3ms)[0m  [1m[35mSET NAMES utf8,  @@SESSION.sql_mode = CONCAT(CONCAT(@@sql_mode, ',STRICT_ALL_TABLES'), ',NO_AUTO_VALUE_ON_ZERO'),  @@SESSION.sql_auto_is_null = 0, @@SESSION.wait_timeout = 2147483[0m
  [1m[35m (0.1ms)[0m  [1m[34mSELECT GET_LOCK(6518081004143099895, 0)[0m
  [1m[35m (0.1ms)[0m  [1m[34mSELECT `schema_migrations`.`version` FROM `schema_migrations` ORDER BY `schema_migrations`.`version` ASC[0m
Migrating to CreateDevices (20180228062930)
  [1m[35m (24.3ms)[0m  [1m[35mCREATE TABLE `devices` (`id` bigint NOT NULL AUTO_INCREMENT PRIMARY KEY, `ip` varchar(255), `name` varchar(255), `description` text, `created_at` datetime NOT NULL, `updated_at` datetime NOT NULL) ENGINE=InnoDB[0m
  [1m[35m (4.6ms)[0m  [1m[35mBEGIN[0m
  [1m[35mSQL (4.7ms)[0m  [1m[32mINSERT INTO `schema_migrations` (`version`) VALUES ('20180228062930')[0m
  [1m[35m (2.7ms)[0m  [1m[35mCOMMIT[0m
  [1m[36mActiveRecord::InternalMetadata Load (0.2ms)[0m  [1m[34mSELECT  `ar_internal_metadata`.* FROM `ar_internal_metadata` WHERE `ar_internal_metadata`.`key` = 'environment' LIMIT 1[0m
  [1m[35m (0.2ms)[0m  [1m[35mBEGIN[0m
  [1m[35m (0.1ms)[0m  [1m[35mCOMMIT[0m
  [1m[35m (0.3ms)[0m  [1m[34mSELECT RELEASE_LOCK(6518081004143099895)[0m
  [1m[35m (0.2ms)[0m  [1m[34mSELECT `schema_migrations`.`version` FROM `schema_migrations` ORDER BY `schema_migrations`.`version` ASC[0m
Started GET "/articles/new" for 127.0.0.1 at 2018-02-27 22:37:32 -0800
  [1m[35m (1.2ms)[0m  [1m[35mSET NAMES utf8,  @@SESSION.sql_mode = CONCAT(CONCAT(@@sql_mode, ',STRICT_ALL_TABLES'), ',NO_AUTO_VALUE_ON_ZERO'),  @@SESSION.sql_auto_is_null = 0, @@SESSION.wait_timeout = 2147483[0m
  [1m[35m (1.7ms)[0m  [1m[34mSELECT `schema_migrations`.`version` FROM `schema_migrations` ORDER BY `schema_migrations`.`version` ASC[0m
  
AbstractController::ActionNotFound (The action 'new' could not be found for ArticlesController):
  
actionpack (5.1.4) lib/abstract_controller/base.rb:119:in `process'
actionview (5.1.4) lib/action_view/rendering.rb:30:in `process'
actionpack (5.1.4) lib/action_controller/metal.rb:189:in `dispatch'
actionpack (5.1.4) lib/action_controller/metal.rb:253:in `dispatch'
actionpack (5.1.4) lib/action_dispatch/routing/route_set.rb:49:in `dispatch'
actionpack (5.1.4) lib/action_dispatch/routing/route_set.rb:31:in `serve'
actionpack (5.1.4) lib/action_dispatch/journey/router.rb:50:in `block in serve'
actionpack (5.1.4) lib/action_dispatch/journey/router.rb:33:in `each'
actionpack (5.1.4) lib/action_dispatch/journey/router.rb:33:in `serve'
actionpack (5.1.4) lib/action_dispatch/routing/route_set.rb:834:in `call'
rack (2.0.4) lib/rack/etag.rb:25:in `call'
rack (2.0.4) lib/rack/conditional_get.rb:25:in `call'
rack (2.0.4) lib/rack/head.rb:12:in `call'
rack (2.0.4) lib/rack/session/abstract/id.rb:232:in `context'
rack (2.0.4) lib/rack/session/abstract/id.rb:226:in `call'
actionpack (5.1.4) lib/action_dispatch/middleware/cookies.rb:613:in `call'
activerecord (5.1.4) lib/active_record/migration.rb:556:in `call'
actionpack (5.1.4) lib/action_dispatch/middleware/callbacks.rb:26:in `block in call'
activesupport (5.1.4) lib/active_support/callbacks.rb:97:in `run_callbacks'
actionpack (5.1.4) lib/action_dispatch/middleware/callbacks.rb:24:in `call'
actionpack (5.1.4) lib/action_dispatch/middleware/executor.rb:12:in `call'
actionpack (5.1.4) lib/action_dispatch/middleware/debug_exceptions.rb:59:in `call'
web-console (3.5.1) lib/web_console/middleware.rb:135:in `call_app'
web-console (3.5.1) lib/web_console/middleware.rb:28:in `block in call'
web-console (3.5.1) lib/web_console/middleware.rb:18:in `catch'
web-console (3.5.1) lib/web_console/middleware.rb:18:in `call'
actionpack (5.1.4) lib/action_dispatch/middleware/show_exceptions.rb:31:in `call'
railties (5.1.4) lib/rails/rack/logger.rb:36:in `call_app'
railties (5.1.4) lib/rails/rack/logger.rb:24:in `block in call'
activesupport (5.1.4) lib/active_support/tagged_logging.rb:69:in `block in tagged'
activesupport (5.1.4) lib/active_support/tagged_logging.rb:26:in `tagged'
activesupport (5.1.4) lib/active_support/tagged_logging.rb:69:in `tagged'
railties (5.1.4) lib/rails/rack/logger.rb:24:in `call'
sprockets-rails (3.2.1) lib/sprockets/rails/quiet_assets.rb:13:in `call'
actionpack (5.1.4) lib/action_dispatch/middleware/remote_ip.rb:79:in `call'
actionpack (5.1.4) lib/action_dispatch/middleware/request_id.rb:25:in `call'
rack (2.0.4) lib/rack/method_override.rb:22:in `call'
rack (2.0.4) lib/rack/runtime.rb:22:in `call'
activesupport (5.1.4) lib/active_support/cache/strategy/local_cache_middleware.rb:27:in `call'
actionpack (5.1.4) lib/action_dispatch/middleware/executor.rb:12:in `call'
actionpack (5.1.4) lib/action_dispatch/middleware/static.rb:125:in `call'
rack (2.0.4) lib/rack/sendfile.rb:111:in `call'
railties (5.1.4) lib/rails/engine.rb:522:in `call'
puma (3.11.2) lib/puma/configuration.rb:225:in `call'
puma (3.11.2) lib/puma/server.rb:624:in `handle_request'
puma (3.11.2) lib/puma/server.rb:438:in `process_client'
puma (3.11.2) lib/puma/server.rb:302:in `block in run'
puma (3.11.2) lib/puma/thread_pool.rb:120:in `block in spawn_thread'
Started GET "/devices" for 127.0.0.1 at 2018-02-27 22:37:39 -0800
Processing by DevicesController#index as HTML
  Rendering devices/index.html.erb within layouts/application
  [1m[35m (0.2ms)[0m  [1m[35mSET NAMES utf8,  @@SESSION.sql_mode = CONCAT(CONCAT(@@sql_mode, ',STRICT_ALL_TABLES'), ',NO_AUTO_VALUE_ON_ZERO'),  @@SESSION.sql_auto_is_null = 0, @@SESSION.wait_timeout = 2147483[0m
  [1m[36mDevice Load (0.2ms)[0m  [1m[34mSELECT `devices`.* FROM `devices`[0m
  Rendered devices/index.html.erb within layouts/application (3.7ms)
Completed 200 OK in 277ms (Views: 261.3ms | ActiveRecord: 0.8ms)


Started GET "/devices/new" for 127.0.0.1 at 2018-02-27 22:37:42 -0800
Processing by DevicesController#new as HTML
  Rendering devices/new.html.erb within layouts/application
  Rendered devices/_form.html.erb (50.3ms)
  Rendered devices/new.html.erb within layouts/application (52.1ms)
Completed 200 OK in 116ms (Views: 102.1ms | ActiveRecord: 7.9ms)


Started GET "/devices/new" for 127.0.0.1 at 2018-02-27 22:38:24 -0800
Processing by DevicesController#new as HTML
  Rendering devices/new.html.erb within layouts/application
  Rendered devices/_form.html.erb (5.6ms)
  Rendered devices/new.html.erb within layouts/application (6.9ms)
Completed 200 OK in 68ms (Views: 64.6ms | ActiveRecord: 0.0ms)


Started POST "/devices" for 127.0.0.1 at 2018-02-27 22:38:52 -0800
Processing by DevicesController#create as HTML
  Parameters: {"utf8"=>"✓", "authenticity_token"=>"6SkAZSEhrE2SCuJaDAo7YcVJ+IQ8la+Rjf4/YS+lKsw2PCXTR50YCenbj1/GX56cWSVe8fHArRMs1zse0Pezdw==", "device"=>{"ip"=>"192.168.0.1", "name"=>"Home", "description"=>"Test device at home"}, "commit"=>"Create Device"}
  [1m[35m (0.1ms)[0m  [1m[35mBEGIN[0m
  [1m[35mSQL (1.7ms)[0m  [1m[32mINSERT INTO `devices` (`ip`, `name`, `description`, `created_at`, `updated_at`) VALUES ('192.168.0.1', 'Home', 'Test device at home', '2018-02-28 06:38:52', '2018-02-28 06:38:52')[0m
  [1m[35m (7.1ms)[0m  [1m[35mCOMMIT[0m
Redirected to http://localhost:3000/devices/1
Completed 302 Found in 15ms (ActiveRecord: 9.0ms)


Started GET "/devices/1" for 127.0.0.1 at 2018-02-27 22:38:53 -0800
Processing by DevicesController#show as HTML
  Parameters: {"id"=>"1"}
  [1m[36mDevice Load (1.3ms)[0m  [1m[34mSELECT  `devices`.* FROM `devices` WHERE `devices`.`id` = 1 LIMIT 1[0m
  Rendering devices/show.html.erb within layouts/application
  Rendered devices/show.html.erb within layouts/application (1.5ms)
Completed 200 OK in 84ms (Views: 77.6ms | ActiveRecord: 1.3ms)


Started GET "/devices" for 127.0.0.1 at 2018-02-27 22:38:58 -0800
Processing by DevicesController#index as HTML
  Rendering devices/index.html.erb within layouts/application
  [1m[36mDevice Load (1.7ms)[0m  [1m[34mSELECT `devices`.* FROM `devices`[0m
  Rendered devices/index.html.erb within layouts/application (5.1ms)
Completed 200 OK in 60ms (Views: 57.0ms | ActiveRecord: 1.7ms)


Started DELETE "/devices/1" for 127.0.0.1 at 2018-02-27 22:39:17 -0800
Processing by DevicesController#destroy as HTML
  Parameters: {"authenticity_token"=>"6688qQJ3KFKtCZCiVN/k/e2E4xuqp0n9K01zLn4/vnLf+s+MGUkEHwp/ANJp18cpmrf1G3VKv2nGcb5/KJglCQ==", "id"=>"1"}
  [1m[36mDevice Load (0.3ms)[0m  [1m[34mSELECT  `devices`.* FROM `devices` WHERE `devices`.`id` = 1 LIMIT 1[0m
  [1m[35m (0.1ms)[0m  [1m[35mBEGIN[0m
  [1m[35mSQL (5.0ms)[0m  [1m[31mDELETE FROM `devices` WHERE `devices`.`id` = 1[0m
  [1m[35m (7.0ms)[0m  [1m[35mCOMMIT[0m
Redirected to http://localhost:3000/devices
Completed 302 Found in 16ms (ActiveRecord: 12.4ms)


Started GET "/devices" for 127.0.0.1 at 2018-02-27 22:39:17 -0800
Processing by DevicesController#index as HTML
  Rendering devices/index.html.erb within layouts/application
  [1m[36mDevice Load (0.3ms)[0m  [1m[34mSELECT `devices`.* FROM `devices`[0m
  Rendered devices/index.html.erb within layouts/application (5.1ms)
Completed 200 OK in 53ms (Views: 51.3ms | ActiveRecord: 0.3ms)


Started GET "/devices" for 127.0.0.1 at 2018-02-27 22:45:11 -0800
Processing by DevicesController#index as HTML
  Rendering devices/index.html.erb within layouts/application
  [1m[36mDevice Load (0.3ms)[0m  [1m[34mSELECT `devices`.* FROM `devices`[0m
  Rendered devices/index.html.erb within layouts/application (3.8ms)
Completed 200 OK in 94ms (Views: 88.8ms | ActiveRecord: 0.9ms)


Started GET "/devices/new" for 127.0.0.1 at 2018-02-27 22:45:13 -0800
Processing by DevicesController#new as HTML
  Rendering devices/new.html.erb within layouts/application
  Rendered devices/_form.html.erb (2.3ms)
  Rendered devices/new.html.erb within layouts/application (3.1ms)
Completed 200 OK in 29ms (Views: 24.2ms | ActiveRecord: 0.0ms)


  [1m[35m (0.5ms)[0m  [1m[35mSET NAMES utf8,  @@SESSION.sql_mode = CONCAT(CONCAT(@@sql_mode, ',STRICT_ALL_TABLES'), ',NO_AUTO_VALUE_ON_ZERO'),  @@SESSION.sql_auto_is_null = 0, @@SESSION.wait_timeout = 2147483[0m
  [1m[35m (25.7ms)[0m  [1m[35mCREATE TABLE `schema_migrations` (`version` varchar(255) NOT NULL PRIMARY KEY) ENGINE=InnoDB[0m
  [1m[35m (14.1ms)[0m  [1m[35mCREATE TABLE `ar_internal_metadata` (`key` varchar(255) NOT NULL PRIMARY KEY, `value` varchar(255), `created_at` datetime NOT NULL, `updated_at` datetime NOT NULL) ENGINE=InnoDB[0m
  [1m[35m (0.1ms)[0m  [1m[34mSELECT GET_LOCK(6518081004143099895, 0)[0m
  [1m[35m (0.2ms)[0m  [1m[34mSELECT `schema_migrations`.`version` FROM `schema_migrations` ORDER BY `schema_migrations`.`version` ASC[0m
Migrating to CreateArticles (20180214183229)
  [1m[35m (13.9ms)[0m  [1m[35mCREATE TABLE `articles` (`id` bigint NOT NULL AUTO_INCREMENT PRIMARY KEY, `name` varchar(255), `author` varchar(255), `content` text, `published_at` datetime, `created_at` datetime NOT NULL, `updated_at` datetime NOT NULL) ENGINE=InnoDB[0m
  [1m[35m (0.1ms)[0m  [1m[35mBEGIN[0m
  [1m[35mSQL (1.5ms)[0m  [1m[32mINSERT INTO `schema_migrations` (`version`) VALUES ('20180214183229')[0m
  [1m[35m (5.8ms)[0m  [1m[35mCOMMIT[0m
Migrating to CreateUsers (20180214184050)
  [1m[35m (14.1ms)[0m  [1m[35mCREATE TABLE `users` (`id` bigint NOT NULL AUTO_INCREMENT PRIMARY KEY, `email` varchar(255), `password_digest` varchar(255), `created_at` datetime NOT NULL, `updated_at` datetime NOT NULL) ENGINE=InnoDB[0m
  [1m[35m (0.1ms)[0m  [1m[35mBEGIN[0m
  [1m[35mSQL (0.3ms)[0m  [1m[32mINSERT INTO `schema_migrations` (`version`) VALUES ('20180214184050')[0m
  [1m[35m (0.8ms)[0m  [1m[35mCOMMIT[0m
Migrating to CreateDevices (20180228062930)
  [1m[35m (14.1ms)[0m  [1m[35mCREATE TABLE `devices` (`id` bigint NOT NULL AUTO_INCREMENT PRIMARY KEY, `ip` varchar(255), `name` varchar(255), `description` text, `created_at` datetime NOT NULL, `updated_at` datetime NOT NULL) ENGINE=InnoDB[0m
  [1m[35m (0.1ms)[0m  [1m[35mBEGIN[0m
  [1m[35mSQL (0.1ms)[0m  [1m[32mINSERT INTO `schema_migrations` (`version`) VALUES ('20180228062930')[0m
  [1m[35m (0.7ms)[0m  [1m[35mCOMMIT[0m
Migrating to AddTypeOwnerToDevices (20180228193357)
  [1m[35m (29.6ms)[0m  [1m[35mALTER TABLE `devices` ADD `type` varchar(255)[0m
  [1m[35m (20.1ms)[0m  [1m[35mALTER TABLE `devices` ADD `owner` varchar(255)[0m
  [1m[35m (19.4ms)[0m  [1m[35mALTER TABLE `devices` ADD `string` varchar(255)[0m
  [1m[35m (0.2ms)[0m  [1m[35mBEGIN[0m
  [1m[35mSQL (0.2ms)[0m  [1m[32mINSERT INTO `schema_migrations` (`version`) VALUES ('20180228193357')[0m
  [1m[35m (2.1ms)[0m  [1m[35mCOMMIT[0m
  [1m[36mActiveRecord::InternalMetadata Load (0.2ms)[0m  [1m[34mSELECT  `ar_internal_metadata`.* FROM `ar_internal_metadata` WHERE `ar_internal_metadata`.`key` = 'environment' LIMIT 1[0m
  [1m[35m (0.1ms)[0m  [1m[35mBEGIN[0m
  [1m[35mSQL (0.2ms)[0m  [1m[32mINSERT INTO `ar_internal_metadata` (`key`, `value`, `created_at`, `updated_at`) VALUES ('environment', 'development', '2018-02-28 19:54:05', '2018-02-28 19:54:05')[0m
  [1m[35m (2.1ms)[0m  [1m[35mCOMMIT[0m
  [1m[35m (0.1ms)[0m  [1m[34mSELECT RELEASE_LOCK(6518081004143099895)[0m
  [1m[35m (0.2ms)[0m  [1m[34mSELECT `schema_migrations`.`version` FROM `schema_migrations` ORDER BY `schema_migrations`.`version` ASC[0m
